#
# There is insufficient memory for the Java Runtime Environment to continue.
# Native memory allocation (malloc) failed to allocate 584656 bytes for Chunk::new
# Possible reasons:
#   The system is out of physical RAM or swap space
#   The process is running with CompressedOops enabled, and the Java Heap may be blocking the growth of the native heap
# Possible solutions:
#   Reduce memory load on the system
#   Increase physical memory or swap space
#   Check if swap backing store is full
#   Decrease Java heap size (-Xmx/-Xms)
#   Decrease number of Java threads
#   Decrease Java thread stack sizes (-Xss)
#   Set larger code cache with -XX:ReservedCodeCacheSize=
#   JVM is running with Zero Based Compressed Oops mode in which the Java heap is
#     placed in the first 32GB address space. The Java Heap base address is the
#     maximum limit for the native heap growth. Please use -XX:HeapBaseMinAddress
#     to set the Java Heap base and to place the Java Heap above 32GB virtual address.
# This output file may be truncated or incomplete.
#
#  Out of Memory Error (arena.cpp:189), pid=9452, tid=6532
#
# JRE version: OpenJDK Runtime Environment (17.0.6) (build 17.0.6+0-b2043.56-10027231)
# Java VM: OpenJDK 64-Bit Server VM (17.0.6+0-b2043.56-10027231, mixed mode, tiered, compressed oops, compressed class ptrs, g1 gc, windows-amd64)
# No core dump will be written. Minidumps are not enabled by default on client versions of Windows
#

---------------  S U M M A R Y ------------

Command Line: -Dorg.gradle.appname=gradlew org.gradle.wrapper.GradleWrapperMain -q -Ptarget-platform=android-x64 -Ptarget=D:\xo\lib\main.dart -Pbase-application-name=android.app.Application -Pdart-defines=Zmx1dHRlci5pbnNwZWN0b3Iuc3RydWN0dXJlZEVycm9ycz10cnVl,RkxVVFRFUl9XRUJfQ0FOVkFTS0lUX1VSTD1odHRwczovL3d3dy5nc3RhdGljLmNvbS9mbHV0dGVyLWNhbnZhc2tpdC9mNjM0NGI3NWRjZjg2MWQ4YmYxZjEzMjI3ODBiODgxMWY5ODJlMzFhLw== -Pdart-obfuscation=false -Ptrack-widget-creation=true -Ptree-shake-icons=false -Pfilesystem-scheme=org-dartlang-root assembleDebug

Host: Intel(R) Core(TM) i5-6300U CPU @ 2.40GHz, 4 cores, 15G,  Windows 11 , 64 bit Build 22621 (10.0.22621.3527)
Time: Fri May 24 04:39:48 2024 Egypt Daylight Time elapsed time: 154.264999 seconds (0d 0h 2m 34s)

---------------  T H R E A D  ---------------

Current thread (0x000001effac8a8f0):  JavaThread "C2 CompilerThread0" daemon [_thread_in_native, id=6532, stack(0x00000015f1e00000,0x00000015f1f00000)]


Current CompileTask:
C2: 154265 1396   !   4       sun.security.ssl.SSLCipher$T13GcmReadCipherGenerator$GcmReadCipher::decrypt (524 bytes)

Stack: [0x00000015f1e00000,0x00000015f1f00000]
Native frames: (J=compiled Java code, j=interpreted, Vv=VM code, C=native code)
V  [jvm.dll+0x683c9a]
V  [jvm.dll+0x8427a4]
V  [jvm.dll+0x843f9e]
V  [jvm.dll+0x844603]
V  [jvm.dll+0x249b75]
V  [jvm.dll+0xabcac]
V  [jvm.dll+0xac27c]
V  [jvm.dll+0x2b0eef]
V  [jvm.dll+0x58a267]
V  [jvm.dll+0x2243b2]
V  [jvm.dll+0x21d8bf]
V  [jvm.dll+0x21b51b]
V  [jvm.dll+0x1a4fdd]
V  [jvm.dll+0x22b098]
V  [jvm.dll+0x229159]
V  [jvm.dll+0x7f81ec]
V  [jvm.dll+0x7f274a]
V  [jvm.dll+0x682ad5]
C  [ucrtbase.dll+0x29333]
C  [KERNEL32.DLL+0x1257d]
C  [ntdll.dll+0x5aa48]


---------------  P R O C E S S  ---------------

Threads class SMR info:
_java_thread_list=0x000001effb50e010, length=12, elements={
0x000001efda2c18c0, 0x000001effac33eb0, 0x000001effac34d20, 0x000001effac84a20,
0x000001effac85890, 0x000001effac89260, 0x000001effac89c10, 0x000001effac8a8f0,
0x000001effac8b390, 0x000001effac8c560, 0x000001effae058c0, 0x000001effae1b9a0
}

Java Threads: ( => current thread )
  0x000001efda2c18c0 JavaThread "main" [_thread_in_native, id=2276, stack(0x00000015f1000000,0x00000015f1100000)]
  0x000001effac33eb0 JavaThread "Reference Handler" daemon [_thread_blocked, id=12276, stack(0x00000015f1800000,0x00000015f1900000)]
  0x000001effac34d20 JavaThread "Finalizer" daemon [_thread_blocked, id=15452, stack(0x00000015f1900000,0x00000015f1a00000)]
  0x000001effac84a20 JavaThread "Signal Dispatcher" daemon [_thread_blocked, id=16900, stack(0x00000015f1a00000,0x00000015f1b00000)]
  0x000001effac85890 JavaThread "Attach Listener" daemon [_thread_blocked, id=17328, stack(0x00000015f1b00000,0x00000015f1c00000)]
  0x000001effac89260 JavaThread "Service Thread" daemon [_thread_blocked, id=16880, stack(0x00000015f1c00000,0x00000015f1d00000)]
  0x000001effac89c10 JavaThread "Monitor Deflation Thread" daemon [_thread_blocked, id=11620, stack(0x00000015f1d00000,0x00000015f1e00000)]
=>0x000001effac8a8f0 JavaThread "C2 CompilerThread0" daemon [_thread_in_native, id=6532, stack(0x00000015f1e00000,0x00000015f1f00000)]
  0x000001effac8b390 JavaThread "C1 CompilerThread0" daemon [_thread_blocked, id=15868, stack(0x00000015f1f00000,0x00000015f2000000)]
  0x000001effac8c560 JavaThread "Sweeper thread" daemon [_thread_blocked, id=17136, stack(0x00000015f2000000,0x00000015f2100000)]
  0x000001effae058c0 JavaThread "Notification Thread" daemon [_thread_blocked, id=4664, stack(0x00000015f2100000,0x00000015f2200000)]
  0x000001effae1b9a0 JavaThread "Common-Cleaner" daemon [_thread_blocked, id=7328, stack(0x00000015f2300000,0x00000015f2400000)]

Other Threads:
  0x000001effa141320 VMThread "VM Thread" [stack: 0x00000015f1700000,0x00000015f1800000] [id=8180]
  0x000001effae069a0 WatcherThread [stack: 0x00000015f2200000,0x00000015f2300000] [id=14996]
  0x000001efda32ad40 GCTaskThread "GC Thread#0" [stack: 0x00000015f1200000,0x00000015f1300000] [id=15196]
  0x000001effb441a90 GCTaskThread "GC Thread#1" [stack: 0x00000015f2500000,0x00000015f2600000] [id=13540]
  0x000001effb442140 GCTaskThread "GC Thread#2" [stack: 0x00000015f2600000,0x00000015f2700000] [id=3636]
  0x000001effb2f6500 GCTaskThread "GC Thread#3" [stack: 0x00000015f2700000,0x00000015f2800000] [id=16864]
  0x000001efda33b790 ConcurrentGCThread "G1 Main Marker" [stack: 0x00000015f1300000,0x00000015f1400000] [id=7544]
  0x000001efda33c1a0 ConcurrentGCThread "G1 Conc#0" [stack: 0x00000015f1400000,0x00000015f1500000] [id=10536]
  0x000001efda37d770 ConcurrentGCThread "G1 Refine#0" [stack: 0x00000015f1500000,0x00000015f1600000] [id=15516]
  0x000001eff9ff44e0 ConcurrentGCThread "G1 Service" [stack: 0x00000015f1600000,0x00000015f1700000] [id=6328]

Threads with active compile tasks:
C2 CompilerThread0   154361 1396   !   4       sun.security.ssl.SSLCipher$T13GcmReadCipherGenerator$GcmReadCipher::decrypt (524 bytes)

VM state: not at safepoint (normal execution)

VM Mutex/Monitor currently owned by a thread: None

Heap address: 0x0000000704e00000, size: 4018 MB, Compressed Oops mode: Zero based, Oop shift amount: 3

CDS archive(s) not mapped
Compressed class space mapped at: 0x0000000800000000-0x0000000840000000, reserved size: 1073741824
Narrow klass base: 0x0000000800000000, Narrow klass shift: 0, Narrow klass range: 0x40000000

GC Precious Log:
 CPUs: 4 total, 4 available
 Memory: 16065M
 Large Page Support: Disabled
 NUMA Support: Disabled
 Compressed Oops: Enabled (Zero based)
 Heap Region Size: 2M
 Heap Min Capacity: 8M
 Heap Initial Capacity: 252M
 Heap Max Capacity: 4018M
 Pre-touch: Disabled
 Parallel Workers: 4
 Concurrent Workers: 1
 Concurrent Refinement Workers: 4
 Periodic GC: Disabled

Heap:
 garbage-first heap   total 258048K, used 9144K [0x0000000704e00000, 0x0000000800000000)
  region size 2048K, 5 young (10240K), 1 survivors (2048K)
 Metaspace       used 16621K, committed 16832K, reserved 1064960K
  class space    used 1666K, committed 1792K, reserved 1048576K

Heap Regions: E=young(eden), S=young(survivor), O=old, HS=humongous(starts), HC=humongous(continues), CS=collection set, F=free, OA=open archive, CA=closed archive, TAMS=top-at-mark-start (previous, next)
|   0|0x0000000704e00000, 0x0000000704eee000, 0x0000000705000000| 46%| O|  |TAMS 0x0000000704e00000, 0x0000000704e00000| Untracked 
|   1|0x0000000705000000, 0x0000000705000000, 0x0000000705200000|  0%| F|  |TAMS 0x0000000705000000, 0x0000000705000000| Untracked 
|   2|0x0000000705200000, 0x0000000705200000, 0x0000000705400000|  0%| F|  |TAMS 0x0000000705200000, 0x0000000705200000| Untracked 
|   3|0x0000000705400000, 0x0000000705400000, 0x0000000705600000|  0%| F|  |TAMS 0x0000000705400000, 0x0000000705400000| Untracked 
|   4|0x0000000705600000, 0x0000000705600000, 0x0000000705800000|  0%| F|  |TAMS 0x0000000705600000, 0x0000000705600000| Untracked 
|   5|0x0000000705800000, 0x0000000705800000, 0x0000000705a00000|  0%| F|  |TAMS 0x0000000705800000, 0x0000000705800000| Untracked 
|   6|0x0000000705a00000, 0x0000000705a00000, 0x0000000705c00000|  0%| F|  |TAMS 0x0000000705a00000, 0x0000000705a00000| Untracked 
|   7|0x0000000705c00000, 0x0000000705c00000, 0x0000000705e00000|  0%| F|  |TAMS 0x0000000705c00000, 0x0000000705c00000| Untracked 
|   8|0x0000000705e00000, 0x0000000705e00000, 0x0000000706000000|  0%| F|  |TAMS 0x0000000705e00000, 0x0000000705e00000| Untracked 
|   9|0x0000000706000000, 0x0000000706000000, 0x0000000706200000|  0%| F|  |TAMS 0x0000000706000000, 0x0000000706000000| Untracked 
|  10|0x0000000706200000, 0x0000000706200000, 0x0000000706400000|  0%| F|  |TAMS 0x0000000706200000, 0x0000000706200000| Untracked 
|  11|0x0000000706400000, 0x0000000706400000, 0x0000000706600000|  0%| F|  |TAMS 0x0000000706400000, 0x0000000706400000| Untracked 
|  12|0x0000000706600000, 0x0000000706600000, 0x0000000706800000|  0%| F|  |TAMS 0x0000000706600000, 0x0000000706600000| Untracked 
|  13|0x0000000706800000, 0x0000000706800000, 0x0000000706a00000|  0%| F|  |TAMS 0x0000000706800000, 0x0000000706800000| Untracked 
|  14|0x0000000706a00000, 0x0000000706a00000, 0x0000000706c00000|  0%| F|  |TAMS 0x0000000706a00000, 0x0000000706a00000| Untracked 
|  15|0x0000000706c00000, 0x0000000706c00000, 0x0000000706e00000|  0%| F|  |TAMS 0x0000000706c00000, 0x0000000706c00000| Untracked 
|  16|0x0000000706e00000, 0x0000000706e00000, 0x0000000707000000|  0%| F|  |TAMS 0x0000000706e00000, 0x0000000706e00000| Untracked 
|  17|0x0000000707000000, 0x0000000707000000, 0x0000000707200000|  0%| F|  |TAMS 0x0000000707000000, 0x0000000707000000| Untracked 
|  18|0x0000000707200000, 0x0000000707200000, 0x0000000707400000|  0%| F|  |TAMS 0x0000000707200000, 0x0000000707200000| Untracked 
|  19|0x0000000707400000, 0x0000000707400000, 0x0000000707600000|  0%| F|  |TAMS 0x0000000707400000, 0x0000000707400000| Untracked 
|  20|0x0000000707600000, 0x0000000707600000, 0x0000000707800000|  0%| F|  |TAMS 0x0000000707600000, 0x0000000707600000| Untracked 
|  21|0x0000000707800000, 0x0000000707800000, 0x0000000707a00000|  0%| F|  |TAMS 0x0000000707800000, 0x0000000707800000| Untracked 
|  22|0x0000000707a00000, 0x0000000707a00000, 0x0000000707c00000|  0%| F|  |TAMS 0x0000000707a00000, 0x0000000707a00000| Untracked 
|  23|0x0000000707c00000, 0x0000000707c00000, 0x0000000707e00000|  0%| F|  |TAMS 0x0000000707c00000, 0x0000000707c00000| Untracked 
|  24|0x0000000707e00000, 0x0000000707e00000, 0x0000000708000000|  0%| F|  |TAMS 0x0000000707e00000, 0x0000000707e00000| Untracked 
|  25|0x0000000708000000, 0x0000000708000000, 0x0000000708200000|  0%| F|  |TAMS 0x0000000708000000, 0x0000000708000000| Untracked 
|  26|0x0000000708200000, 0x0000000708200000, 0x0000000708400000|  0%| F|  |TAMS 0x0000000708200000, 0x0000000708200000| Untracked 
|  27|0x0000000708400000, 0x0000000708400000, 0x0000000708600000|  0%| F|  |TAMS 0x0000000708400000, 0x0000000708400000| Untracked 
|  28|0x0000000708600000, 0x0000000708600000, 0x0000000708800000|  0%| F|  |TAMS 0x0000000708600000, 0x0000000708600000| Untracked 
|  29|0x0000000708800000, 0x0000000708800000, 0x0000000708a00000|  0%| F|  |TAMS 0x0000000708800000, 0x0000000708800000| Untracked 
|  30|0x0000000708a00000, 0x0000000708a00000, 0x0000000708c00000|  0%| F|  |TAMS 0x0000000708a00000, 0x0000000708a00000| Untracked 
|  31|0x0000000708c00000, 0x0000000708c00000, 0x0000000708e00000|  0%| F|  |TAMS 0x0000000708c00000, 0x0000000708c00000| Untracked 
|  32|0x0000000708e00000, 0x0000000708e00000, 0x0000000709000000|  0%| F|  |TAMS 0x0000000708e00000, 0x0000000708e00000| Untracked 
|  33|0x0000000709000000, 0x0000000709000000, 0x0000000709200000|  0%| F|  |TAMS 0x0000000709000000, 0x0000000709000000| Untracked 
|  34|0x0000000709200000, 0x0000000709200000, 0x0000000709400000|  0%| F|  |TAMS 0x0000000709200000, 0x0000000709200000| Untracked 
|  35|0x0000000709400000, 0x0000000709400000, 0x0000000709600000|  0%| F|  |TAMS 0x0000000709400000, 0x0000000709400000| Untracked 
|  36|0x0000000709600000, 0x0000000709600000, 0x0000000709800000|  0%| F|  |TAMS 0x0000000709600000, 0x0000000709600000| Untracked 
|  37|0x0000000709800000, 0x0000000709800000, 0x0000000709a00000|  0%| F|  |TAMS 0x0000000709800000, 0x0000000709800000| Untracked 
|  38|0x0000000709a00000, 0x0000000709a00000, 0x0000000709c00000|  0%| F|  |TAMS 0x0000000709a00000, 0x0000000709a00000| Untracked 
|  39|0x0000000709c00000, 0x0000000709c00000, 0x0000000709e00000|  0%| F|  |TAMS 0x0000000709c00000, 0x0000000709c00000| Untracked 
|  40|0x0000000709e00000, 0x0000000709e00000, 0x000000070a000000|  0%| F|  |TAMS 0x0000000709e00000, 0x0000000709e00000| Untracked 
|  41|0x000000070a000000, 0x000000070a000000, 0x000000070a200000|  0%| F|  |TAMS 0x000000070a000000, 0x000000070a000000| Untracked 
|  42|0x000000070a200000, 0x000000070a200000, 0x000000070a400000|  0%| F|  |TAMS 0x000000070a200000, 0x000000070a200000| Untracked 
|  43|0x000000070a400000, 0x000000070a400000, 0x000000070a600000|  0%| F|  |TAMS 0x000000070a400000, 0x000000070a400000| Untracked 
|  44|0x000000070a600000, 0x000000070a600000, 0x000000070a800000|  0%| F|  |TAMS 0x000000070a600000, 0x000000070a600000| Untracked 
|  45|0x000000070a800000, 0x000000070a800000, 0x000000070aa00000|  0%| F|  |TAMS 0x000000070a800000, 0x000000070a800000| Untracked 
|  46|0x000000070aa00000, 0x000000070aa00000, 0x000000070ac00000|  0%| F|  |TAMS 0x000000070aa00000, 0x000000070aa00000| Untracked 
|  47|0x000000070ac00000, 0x000000070ac00000, 0x000000070ae00000|  0%| F|  |TAMS 0x000000070ac00000, 0x000000070ac00000| Untracked 
|  48|0x000000070ae00000, 0x000000070ae00000, 0x000000070b000000|  0%| F|  |TAMS 0x000000070ae00000, 0x000000070ae00000| Untracked 
|  49|0x000000070b000000, 0x000000070b000000, 0x000000070b200000|  0%| F|  |TAMS 0x000000070b000000, 0x000000070b000000| Untracked 
|  50|0x000000070b200000, 0x000000070b200000, 0x000000070b400000|  0%| F|  |TAMS 0x000000070b200000, 0x000000070b200000| Untracked 
|  51|0x000000070b400000, 0x000000070b400000, 0x000000070b600000|  0%| F|  |TAMS 0x000000070b400000, 0x000000070b400000| Untracked 
|  52|0x000000070b600000, 0x000000070b600000, 0x000000070b800000|  0%| F|  |TAMS 0x000000070b600000, 0x000000070b600000| Untracked 
|  53|0x000000070b800000, 0x000000070b800000, 0x000000070ba00000|  0%| F|  |TAMS 0x000000070b800000, 0x000000070b800000| Untracked 
|  54|0x000000070ba00000, 0x000000070ba00000, 0x000000070bc00000|  0%| F|  |TAMS 0x000000070ba00000, 0x000000070ba00000| Untracked 
|  55|0x000000070bc00000, 0x000000070bc00000, 0x000000070be00000|  0%| F|  |TAMS 0x000000070bc00000, 0x000000070bc00000| Untracked 
|  56|0x000000070be00000, 0x000000070be00000, 0x000000070c000000|  0%| F|  |TAMS 0x000000070be00000, 0x000000070be00000| Untracked 
|  57|0x000000070c000000, 0x000000070c000000, 0x000000070c200000|  0%| F|  |TAMS 0x000000070c000000, 0x000000070c000000| Untracked 
|  58|0x000000070c200000, 0x000000070c200000, 0x000000070c400000|  0%| F|  |TAMS 0x000000070c200000, 0x000000070c200000| Untracked 
|  59|0x000000070c400000, 0x000000070c400000, 0x000000070c600000|  0%| F|  |TAMS 0x000000070c400000, 0x000000070c400000| Untracked 
|  60|0x000000070c600000, 0x000000070c600000, 0x000000070c800000|  0%| F|  |TAMS 0x000000070c600000, 0x000000070c600000| Untracked 
|  61|0x000000070c800000, 0x000000070c800000, 0x000000070ca00000|  0%| F|  |TAMS 0x000000070c800000, 0x000000070c800000| Untracked 
|  62|0x000000070ca00000, 0x000000070ca00000, 0x000000070cc00000|  0%| F|  |TAMS 0x000000070ca00000, 0x000000070ca00000| Untracked 
|  63|0x000000070cc00000, 0x000000070cc00000, 0x000000070ce00000|  0%| F|  |TAMS 0x000000070cc00000, 0x000000070cc00000| Untracked 
|  64|0x000000070ce00000, 0x000000070ce00000, 0x000000070d000000|  0%| F|  |TAMS 0x000000070ce00000, 0x000000070ce00000| Untracked 
|  65|0x000000070d000000, 0x000000070d000000, 0x000000070d200000|  0%| F|  |TAMS 0x000000070d000000, 0x000000070d000000| Untracked 
|  66|0x000000070d200000, 0x000000070d200000, 0x000000070d400000|  0%| F|  |TAMS 0x000000070d200000, 0x000000070d200000| Untracked 
|  67|0x000000070d400000, 0x000000070d400000, 0x000000070d600000|  0%| F|  |TAMS 0x000000070d400000, 0x000000070d400000| Untracked 
|  68|0x000000070d600000, 0x000000070d600000, 0x000000070d800000|  0%| F|  |TAMS 0x000000070d600000, 0x000000070d600000| Untracked 
|  69|0x000000070d800000, 0x000000070d800000, 0x000000070da00000|  0%| F|  |TAMS 0x000000070d800000, 0x000000070d800000| Untracked 
|  70|0x000000070da00000, 0x000000070da00000, 0x000000070dc00000|  0%| F|  |TAMS 0x000000070da00000, 0x000000070da00000| Untracked 
|  71|0x000000070dc00000, 0x000000070dc00000, 0x000000070de00000|  0%| F|  |TAMS 0x000000070dc00000, 0x000000070dc00000| Untracked 
|  72|0x000000070de00000, 0x000000070de00000, 0x000000070e000000|  0%| F|  |TAMS 0x000000070de00000, 0x000000070de00000| Untracked 
|  73|0x000000070e000000, 0x000000070e000000, 0x000000070e200000|  0%| F|  |TAMS 0x000000070e000000, 0x000000070e000000| Untracked 
|  74|0x000000070e200000, 0x000000070e200000, 0x000000070e400000|  0%| F|  |TAMS 0x000000070e200000, 0x000000070e200000| Untracked 
|  75|0x000000070e400000, 0x000000070e400000, 0x000000070e600000|  0%| F|  |TAMS 0x000000070e400000, 0x000000070e400000| Untracked 
|  76|0x000000070e600000, 0x000000070e600000, 0x000000070e800000|  0%| F|  |TAMS 0x000000070e600000, 0x000000070e600000| Untracked 
|  77|0x000000070e800000, 0x000000070e800000, 0x000000070ea00000|  0%| F|  |TAMS 0x000000070e800000, 0x000000070e800000| Untracked 
|  78|0x000000070ea00000, 0x000000070ea00000, 0x000000070ec00000|  0%| F|  |TAMS 0x000000070ea00000, 0x000000070ea00000| Untracked 
|  79|0x000000070ec00000, 0x000000070ec00000, 0x000000070ee00000|  0%| F|  |TAMS 0x000000070ec00000, 0x000000070ec00000| Untracked 
|  80|0x000000070ee00000, 0x000000070ee00000, 0x000000070f000000|  0%| F|  |TAMS 0x000000070ee00000, 0x000000070ee00000| Untracked 
|  81|0x000000070f000000, 0x000000070f000000, 0x000000070f200000|  0%| F|  |TAMS 0x000000070f000000, 0x000000070f000000| Untracked 
|  82|0x000000070f200000, 0x000000070f200000, 0x000000070f400000|  0%| F|  |TAMS 0x000000070f200000, 0x000000070f200000| Untracked 
|  83|0x000000070f400000, 0x000000070f400000, 0x000000070f600000|  0%| F|  |TAMS 0x000000070f400000, 0x000000070f400000| Untracked 
|  84|0x000000070f600000, 0x000000070f600000, 0x000000070f800000|  0%| F|  |TAMS 0x000000070f600000, 0x000000070f600000| Untracked 
|  85|0x000000070f800000, 0x000000070f800000, 0x000000070fa00000|  0%| F|  |TAMS 0x000000070f800000, 0x000000070f800000| Untracked 
|  86|0x000000070fa00000, 0x000000070fa00000, 0x000000070fc00000|  0%| F|  |TAMS 0x000000070fa00000, 0x000000070fa00000| Untracked 
|  87|0x000000070fc00000, 0x000000070fc00000, 0x000000070fe00000|  0%| F|  |TAMS 0x000000070fc00000, 0x000000070fc00000| Untracked 
|  88|0x000000070fe00000, 0x000000070fe00000, 0x0000000710000000|  0%| F|  |TAMS 0x000000070fe00000, 0x000000070fe00000| Untracked 
|  89|0x0000000710000000, 0x0000000710000000, 0x0000000710200000|  0%| F|  |TAMS 0x0000000710000000, 0x0000000710000000| Untracked 
|  90|0x0000000710200000, 0x0000000710200000, 0x0000000710400000|  0%| F|  |TAMS 0x0000000710200000, 0x0000000710200000| Untracked 
|  91|0x0000000710400000, 0x0000000710400000, 0x0000000710600000|  0%| F|  |TAMS 0x0000000710400000, 0x0000000710400000| Untracked 
|  92|0x0000000710600000, 0x0000000710600000, 0x0000000710800000|  0%| F|  |TAMS 0x0000000710600000, 0x0000000710600000| Untracked 
|  93|0x0000000710800000, 0x0000000710800000, 0x0000000710a00000|  0%| F|  |TAMS 0x0000000710800000, 0x0000000710800000| Untracked 
|  94|0x0000000710a00000, 0x0000000710a00000, 0x0000000710c00000|  0%| F|  |TAMS 0x0000000710a00000, 0x0000000710a00000| Untracked 
|  95|0x0000000710c00000, 0x0000000710c00000, 0x0000000710e00000|  0%| F|  |TAMS 0x0000000710c00000, 0x0000000710c00000| Untracked 
|  96|0x0000000710e00000, 0x0000000710e00000, 0x0000000711000000|  0%| F|  |TAMS 0x0000000710e00000, 0x0000000710e00000| Untracked 
|  97|0x0000000711000000, 0x0000000711000000, 0x0000000711200000|  0%| F|  |TAMS 0x0000000711000000, 0x0000000711000000| Untracked 
|  98|0x0000000711200000, 0x0000000711200000, 0x0000000711400000|  0%| F|  |TAMS 0x0000000711200000, 0x0000000711200000| Untracked 
|  99|0x0000000711400000, 0x0000000711400000, 0x0000000711600000|  0%| F|  |TAMS 0x0000000711400000, 0x0000000711400000| Untracked 
| 100|0x0000000711600000, 0x0000000711600000, 0x0000000711800000|  0%| F|  |TAMS 0x0000000711600000, 0x0000000711600000| Untracked 
| 101|0x0000000711800000, 0x0000000711800000, 0x0000000711a00000|  0%| F|  |TAMS 0x0000000711800000, 0x0000000711800000| Untracked 
| 102|0x0000000711a00000, 0x0000000711a00000, 0x0000000711c00000|  0%| F|  |TAMS 0x0000000711a00000, 0x0000000711a00000| Untracked 
| 103|0x0000000711c00000, 0x0000000711c00000, 0x0000000711e00000|  0%| F|  |TAMS 0x0000000711c00000, 0x0000000711c00000| Untracked 
| 104|0x0000000711e00000, 0x0000000711e00000, 0x0000000712000000|  0%| F|  |TAMS 0x0000000711e00000, 0x0000000711e00000| Untracked 
| 105|0x0000000712000000, 0x0000000712000000, 0x0000000712200000|  0%| F|  |TAMS 0x0000000712000000, 0x0000000712000000| Untracked 
| 106|0x0000000712200000, 0x0000000712200000, 0x0000000712400000|  0%| F|  |TAMS 0x0000000712200000, 0x0000000712200000| Untracked 
| 107|0x0000000712400000, 0x0000000712400000, 0x0000000712600000|  0%| F|  |TAMS 0x0000000712400000, 0x0000000712400000| Untracked 
| 108|0x0000000712600000, 0x0000000712600000, 0x0000000712800000|  0%| F|  |TAMS 0x0000000712600000, 0x0000000712600000| Untracked 
| 109|0x0000000712800000, 0x0000000712800000, 0x0000000712a00000|  0%| F|  |TAMS 0x0000000712800000, 0x0000000712800000| Untracked 
| 110|0x0000000712a00000, 0x0000000712a00000, 0x0000000712c00000|  0%| F|  |TAMS 0x0000000712a00000, 0x0000000712a00000| Untracked 
| 111|0x0000000712c00000, 0x0000000712c00000, 0x0000000712e00000|  0%| F|  |TAMS 0x0000000712c00000, 0x0000000712c00000| Untracked 
| 112|0x0000000712e00000, 0x0000000712e00000, 0x0000000713000000|  0%| F|  |TAMS 0x0000000712e00000, 0x0000000712e00000| Untracked 
| 113|0x0000000713000000, 0x0000000713000000, 0x0000000713200000|  0%| F|  |TAMS 0x0000000713000000, 0x0000000713000000| Untracked 
| 114|0x0000000713200000, 0x0000000713200000, 0x0000000713400000|  0%| F|  |TAMS 0x0000000713200000, 0x0000000713200000| Untracked 
| 115|0x0000000713400000, 0x0000000713400000, 0x0000000713600000|  0%| F|  |TAMS 0x0000000713400000, 0x0000000713400000| Untracked 
| 116|0x0000000713600000, 0x0000000713600000, 0x0000000713800000|  0%| F|  |TAMS 0x0000000713600000, 0x0000000713600000| Untracked 
| 117|0x0000000713800000, 0x0000000713800000, 0x0000000713a00000|  0%| F|  |TAMS 0x0000000713800000, 0x0000000713800000| Untracked 
| 118|0x0000000713a00000, 0x0000000713a00000, 0x0000000713c00000|  0%| F|  |TAMS 0x0000000713a00000, 0x0000000713a00000| Untracked 
| 119|0x0000000713c00000, 0x0000000713e00000, 0x0000000713e00000|100%| S|CS|TAMS 0x0000000713c00000, 0x0000000713c00000| Complete 
| 120|0x0000000713e00000, 0x0000000713e00000, 0x0000000714000000|  0%| F|  |TAMS 0x0000000713e00000, 0x0000000713e00000| Untracked 
| 121|0x0000000714000000, 0x0000000714000000, 0x0000000714200000|  0%| F|  |TAMS 0x0000000714000000, 0x0000000714000000| Untracked 
| 122|0x0000000714200000, 0x00000007142d06c8, 0x0000000714400000| 40%| E|  |TAMS 0x0000000714200000, 0x0000000714200000| Complete 
| 123|0x0000000714400000, 0x0000000714600000, 0x0000000714600000|100%| E|CS|TAMS 0x0000000714400000, 0x0000000714400000| Complete 
| 124|0x0000000714600000, 0x0000000714800000, 0x0000000714800000|100%| E|CS|TAMS 0x0000000714600000, 0x0000000714600000| Complete 
| 125|0x0000000714800000, 0x0000000714a00000, 0x0000000714a00000|100%| E|CS|TAMS 0x0000000714800000, 0x0000000714800000| Complete 

Card table byte_map: [0x000001efeed80000,0x000001efef560000] _byte_map_base: 0x000001efeb559000

Marking Bits (Prev, Next): (CMBitMap*) 0x000001efda32b350, (CMBitMap*) 0x000001efda32b390
 Prev Bits: [0x000001efefd40000, 0x000001eff3c08000)
 Next Bits: [0x000001eff3c10000, 0x000001eff7ad8000)

Polling page: 0x000001efda380000

Metaspace:

Usage:
  Non-class:     14.60 MB used.
      Class:      1.63 MB used.
       Both:     16.23 MB used.

Virtual space:
  Non-class space:       16.00 MB reserved,      14.69 MB ( 92%) committed,  2 nodes.
      Class space:        1.00 GB reserved,       1.75 MB ( <1%) committed,  1 nodes.
             Both:        1.02 GB reserved,      16.44 MB (  2%) committed. 

Chunk freelists:
   Non-Class:  1015.00 KB
       Class:  2.23 MB
        Both:  3.22 MB

MaxMetaspaceSize: unlimited
CompressedClassSpaceSize: 1.00 GB
Initial GC threshold: 21.00 MB
Current GC threshold: 21.00 MB
CDS: off
MetaspaceReclaimPolicy: balanced
 - commit_granule_bytes: 65536.
 - commit_granule_words: 8192.
 - virtual_space_node_default_size: 1048576.
 - enlarge_chunks_in_place: 1.
 - new_chunks_are_fully_committed: 0.
 - uncommit_free_chunks: 1.
 - use_allocation_guard: 0.
 - handle_deallocations: 1.


Internal statistics:

num_allocs_failed_limit: 0.
num_arena_births: 52.
num_arena_deaths: 0.
num_vsnodes_births: 3.
num_vsnodes_deaths: 0.
num_space_committed: 263.
num_space_uncommitted: 0.
num_chunks_returned_to_freelist: 0.
num_chunks_taken_from_freelist: 144.
num_chunk_merges: 0.
num_chunk_splits: 62.
num_chunks_enlarged: 25.
num_purges: 0.
num_inconsistent_stats: 0.

CodeHeap 'non-profiled nmethods': size=120000Kb used=523Kb max_used=523Kb free=119476Kb
 bounds [0x000001efe6a50000, 0x000001efe6cc0000, 0x000001efedf80000]
CodeHeap 'profiled nmethods': size=120000Kb used=2606Kb max_used=2606Kb free=117393Kb
 bounds [0x000001efdef80000, 0x000001efdf210000, 0x000001efe64b0000]
CodeHeap 'non-nmethods': size=5760Kb used=1191Kb max_used=1234Kb free=4568Kb
 bounds [0x000001efe64b0000, 0x000001efe6720000, 0x000001efe6a50000]
 total_blobs=1882 nmethods=1395 adapters=400
 compilation: enabled
              stopped_count=0, restarted_count=0
 full_count=0

Compilation events (20 events):
Event: 99.404 Thread 0x000001effac8a8f0 nmethod 1386 0x000001efe6ac4690 code [0x000001efe6ac4820, 0x000001efe6ac4bb8]
Event: 100.610 Thread 0x000001effac8a8f0 1387       4       java.nio.ByteBuffer::<init> (47 bytes)
Event: 100.618 Thread 0x000001effac8a8f0 nmethod 1387 0x000001efe6ac4e90 code [0x000001efe6ac5020, 0x000001efe6ac5518]
Event: 108.584 Thread 0x000001effac8a8f0 1388       4       com.sun.crypto.provider.GHASH::update (50 bytes)
Event: 108.588 Thread 0x000001effac8a8f0 nmethod 1388 0x000001efe6ac5890 code [0x000001efe6ac5a20, 0x000001efe6ac5c78]
Event: 109.473 Thread 0x000001effac8a8f0 1389       4       sun.security.ssl.SSLSocketImpl$AppInputStream::checkEOF (165 bytes)
Event: 109.475 Thread 0x000001effac8a8f0 nmethod 1389 0x000001efe6ac5f10 code [0x000001efe6ac60a0, 0x000001efe6ac61d8]
Event: 109.704 Thread 0x000001effac8a8f0 1390       4       java.security.MessageDigest::isEqual (100 bytes)
Event: 109.712 Thread 0x000001effac8a8f0 nmethod 1390 0x000001efe6ac6390 code [0x000001efe6ac6520, 0x000001efe6ac6838]
Event: 111.343 Thread 0x000001effac8a8f0 1391       4       com.sun.crypto.provider.GaloisCounterMode$GCMDecrypt::doFinal (512 bytes)
Event: 111.608 Thread 0x000001effac8a8f0 nmethod 1391 0x000001efe6ac6a10 code [0x000001efe6ac6d20, 0x000001efe6acb9e8]
Event: 126.623 Thread 0x000001effac8a8f0 1392       4       java.nio.HeapByteBuffer::<init> (31 bytes)
Event: 126.636 Thread 0x000001effac8a8f0 nmethod 1392 0x000001efe6acfa10 code [0x000001efe6acfba0, 0x000001efe6acfff8]
Event: 136.752 Thread 0x000001effac8a8f0 1393       4       java.nio.HeapByteBuffer::get (64 bytes)
Event: 136.756 Thread 0x000001effac8a8f0 nmethod 1393 0x000001efe6ad0310 code [0x000001efe6ad04a0, 0x000001efe6ad07a8]
Event: 144.599 Thread 0x000001effac8a8f0 1394       4       java.lang.StringLatin1::regionMatchesCI (98 bytes)
Event: 144.607 Thread 0x000001effac8a8f0 nmethod 1394 0x000001efe6ad0b10 code [0x000001efe6ad0cc0, 0x000001efe6ad1098]
Event: 152.718 Thread 0x000001effac8a8f0 1395  s    4       java.io.BufferedInputStream::read (113 bytes)
Event: 152.742 Thread 0x000001effac8a8f0 nmethod 1395 0x000001efe6ad1490 code [0x000001efe6ad16a0, 0x000001efe6ad2560]
Event: 154.064 Thread 0x000001effac8a8f0 1396   !   4       sun.security.ssl.SSLCipher$T13GcmReadCipherGenerator$GcmReadCipher::decrypt (524 bytes)

GC Heap History (2 events):
Event: 1.849 GC heap before
{Heap before GC invocations=0 (full 0):
 garbage-first heap   total 258048K, used 12288K [0x0000000704e00000, 0x0000000800000000)
  region size 2048K, 6 young (12288K), 0 survivors (0K)
 Metaspace       used 15493K, committed 15616K, reserved 1064960K
  class space    used 1554K, committed 1600K, reserved 1048576K
}
Event: 1.888 GC heap after
{Heap after GC invocations=1 (full 0):
 garbage-first heap   total 258048K, used 3000K [0x0000000704e00000, 0x0000000800000000)
  region size 2048K, 1 young (2048K), 1 survivors (2048K)
 Metaspace       used 15493K, committed 15616K, reserved 1064960K
  class space    used 1554K, committed 1600K, reserved 1048576K
}

Dll operation events (2 events):
Event: 0.018 Loaded shared library C:\Program Files\Android\Android Studio\jbr\bin\java.dll
Event: 0.312 Loaded shared library C:\Program Files\Android\Android Studio\jbr\bin\verify.dll

Deoptimization events (20 events):
Event: 2.698 Thread 0x000001efda2c18c0 DEOPT PACKING pc=0x000001efe6a6efb4 sp=0x00000015f10fe100
Event: 2.698 Thread 0x000001efda2c18c0 DEOPT UNPACKING pc=0x000001efe65069a3 sp=0x00000015f10fe0a0 mode 2
Event: 3.592 Thread 0x000001efda2c18c0 DEOPT PACKING pc=0x000001efdf14ccbe sp=0x00000015f10fde10
Event: 3.592 Thread 0x000001efda2c18c0 DEOPT UNPACKING pc=0x000001efe6507143 sp=0x00000015f10fd240 mode 0
Event: 3.593 Thread 0x000001efda2c18c0 DEOPT PACKING pc=0x000001efdf14ccbe sp=0x00000015f10fde10
Event: 3.593 Thread 0x000001efda2c18c0 DEOPT UNPACKING pc=0x000001efe6507143 sp=0x00000015f10fd240 mode 0
Event: 3.599 Thread 0x000001efda2c18c0 Uncommon trap: trap_request=0xffffff45 fr.pc=0x000001efe6a755e0 relative=0x00000000000001e0
Event: 3.599 Thread 0x000001efda2c18c0 Uncommon trap: reason=unstable_if action=reinterpret pc=0x000001efe6a755e0 method=java.util.Arrays.hashCode([B)I @ 1 c2
Event: 3.599 Thread 0x000001efda2c18c0 DEOPT PACKING pc=0x000001efe6a755e0 sp=0x00000015f10fde90
Event: 3.599 Thread 0x000001efda2c18c0 DEOPT UNPACKING pc=0x000001efe65069a3 sp=0x00000015f10fde08 mode 2
Event: 3.602 Thread 0x000001efda2c18c0 DEOPT PACKING pc=0x000001efdf17ca3e sp=0x00000015f10fde50
Event: 3.602 Thread 0x000001efda2c18c0 DEOPT UNPACKING pc=0x000001efe6507143 sp=0x00000015f10fd2d0 mode 0
Event: 3.639 Thread 0x000001efda2c18c0 DEOPT PACKING pc=0x000001efdf14ccf1 sp=0x00000015f10fddf0
Event: 3.639 Thread 0x000001efda2c18c0 DEOPT UNPACKING pc=0x000001efe6507143 sp=0x00000015f10fd220 mode 0
Event: 4.708 Thread 0x000001efda2c18c0 DEOPT PACKING pc=0x000001efdf195fd6 sp=0x00000015f10fdf10
Event: 4.708 Thread 0x000001efda2c18c0 DEOPT UNPACKING pc=0x000001efe6507143 sp=0x00000015f10fd400 mode 0
Event: 4.709 Thread 0x000001efda2c18c0 DEOPT PACKING pc=0x000001efdf195fd6 sp=0x00000015f10fdf10
Event: 4.709 Thread 0x000001efda2c18c0 DEOPT UNPACKING pc=0x000001efe6507143 sp=0x00000015f10fd400 mode 0
Event: 9.054 Thread 0x000001efda2c18c0 DEOPT PACKING pc=0x000001efdf195028 sp=0x00000015f10fe080
Event: 9.054 Thread 0x000001efda2c18c0 DEOPT UNPACKING pc=0x000001efe6507143 sp=0x00000015f10fd518 mode 0

Classes unloaded (0 events):
No events

Classes redefined (0 events):
No events

Internal exceptions (11 events):
Event: 0.817 Thread 0x000001efda2c18c0 Exception <a 'sun/nio/fs/WindowsException'{0x0000000714776e38}> (0x0000000714776e38) 
thrown [s\src\hotspot\share\prims\jni.cpp, line 517]
Event: 0.838 Thread 0x000001efda2c18c0 Exception <a 'java/lang/NoSuchMethodError'{0x000000071479bfd8}: 'int java.lang.invoke.DirectMethodHandle$Holder.invokeStaticInit(java.lang.Object, java.lang.Object, java.lang.Object, java.lang.Object)'> (0x000000071479bfd8) 
thrown [s\src\hotspot\share\interpreter\linkResolver.cpp, line 771]
Event: 0.840 Thread 0x000001efda2c18c0 Exception <a 'java/lang/NoSuchMethodError'{0x00000007147a5d70}: 'java.lang.Object java.lang.invoke.DirectMethodHandle$Holder.invokeInterface(java.lang.Object, java.lang.Object)'> (0x00000007147a5d70) 
thrown [s\src\hotspot\share\interpreter\linkResolver.cpp, line 771]
Event: 0.841 Thread 0x000001efda2c18c0 Exception <a 'java/lang/IncompatibleClassChangeError'{0x00000007147a9690}: Found class java.lang.Object, but interface was expected> (0x00000007147a9690) 
thrown [s\src\hotspot\share\interpreter\linkResolver.cpp, line 838]
Event: 0.842 Thread 0x000001efda2c18c0 Exception <a 'java/lang/NoSuchMethodError'{0x00000007147ac980}: 'void java.lang.invoke.DirectMethodHandle$Holder.invokeStatic(java.lang.Object, java.lang.Object)'> (0x00000007147ac980) 
thrown [s\src\hotspot\share\interpreter\linkResolver.cpp, line 771]
Event: 0.843 Thread 0x000001efda2c18c0 Exception <a 'java/lang/NoSuchMethodError'{0x00000007147b0500}: 'void java.lang.invoke.DirectMethodHandle$Holder.invokeStaticInit(java.lang.Object, java.lang.Object)'> (0x00000007147b0500) 
thrown [s\src\hotspot\share\interpreter\linkResolver.cpp, line 771]
Event: 0.854 Thread 0x000001efda2c18c0 Exception <a 'java/lang/NoSuchMethodError'{0x00000007147b6d48}: 'int java.lang.invoke.DirectMethodHandle$Holder.invokeStaticInit(java.lang.Object, java.lang.Object)'> (0x00000007147b6d48) 
thrown [s\src\hotspot\share\interpreter\linkResolver.cpp, line 771]
Event: 1.094 Thread 0x000001efda2c18c0 Exception <a 'java/lang/NoSuchMethodError'{0x00000007143d9340}: 'java.lang.Object java.lang.invoke.DirectMethodHandle$Holder.invokeStaticInit(java.lang.Object, int, int, int, int)'> (0x00000007143d9340) 
thrown [s\src\hotspot\share\interpreter\linkResolver.cpp, line 771]
Event: 1.196 Thread 0x000001efda2c18c0 Exception <a 'java/lang/NoSuchMethodError'{0x00000007140222d0}: 'java.lang.Object java.lang.invoke.DirectMethodHandle$Holder.invokeStaticInit(java.lang.Object, java.lang.Object, int, int, int, int)'> (0x00000007140222d0) 
thrown [s\src\hotspot\share\interpreter\linkResolver.cpp, line 771]
Event: 1.224 Thread 0x000001efda2c18c0 Exception <a 'java/lang/NoSuchMethodError'{0x0000000714036af0}: 'java.lang.Object java.lang.invoke.DirectMethodHandle$Holder.invokeStaticInit(java.lang.Object)'> (0x0000000714036af0) 
thrown [s\src\hotspot\share\interpreter\linkResolver.cpp, line 771]
Event: 3.599 Thread 0x000001efda2c18c0 Implicit null exception at 0x000001efe6a7540c to 0x000001efe6a755d1

VM Operations (20 events):
Event: 33.423 Executing VM operation: Cleanup
Event: 33.423 Executing VM operation: Cleanup done
Event: 37.439 Executing VM operation: Cleanup
Event: 37.439 Executing VM operation: Cleanup done
Event: 38.452 Executing VM operation: Cleanup
Event: 38.452 Executing VM operation: Cleanup done
Event: 48.512 Executing VM operation: Cleanup
Event: 48.512 Executing VM operation: Cleanup done
Event: 57.540 Executing VM operation: Cleanup
Event: 57.540 Executing VM operation: Cleanup done
Event: 95.817 Executing VM operation: Cleanup
Event: 95.817 Executing VM operation: Cleanup done
Event: 96.824 Executing VM operation: Cleanup
Event: 96.824 Executing VM operation: Cleanup done
Event: 111.933 Executing VM operation: Cleanup
Event: 111.933 Executing VM operation: Cleanup done
Event: 137.041 Executing VM operation: Cleanup
Event: 137.042 Executing VM operation: Cleanup done
Event: 153.132 Executing VM operation: Cleanup
Event: 153.132 Executing VM operation: Cleanup done

Events (20 events):
Event: 3.597 loading class sun/security/provider/certpath/OCSPResponse$SingleResponse
Event: 3.597 loading class sun/security/provider/certpath/OCSP$RevocationStatus
Event: 3.597 loading class sun/security/provider/certpath/OCSP$RevocationStatus done
Event: 3.597 loading class sun/security/provider/certpath/OCSPResponse$SingleResponse done
Event: 3.597 loading class sun/security/provider/certpath/CertId
Event: 3.597 loading class sun/security/provider/certpath/CertId done
Event: 3.598 loading class sun/security/provider/certpath/OCSP$RevocationStatus$CertStatus
Event: 3.598 loading class sun/security/provider/certpath/OCSP$RevocationStatus$CertStatus done
Event: 3.603 loading class java/security/cert/CertificateParsingException
Event: 3.603 loading class java/security/cert/CertificateParsingException done
Event: 3.633 loading class sun/security/rsa/MGF1
Event: 3.633 loading class sun/security/rsa/MGF1 done
Event: 3.637 Thread 0x000001effb4a1fb0 Thread added: 0x000001effb4a1fb0
Event: 3.659 Thread 0x000001effb4a1fb0 Thread exited: 0x000001effb4a1fb0
Event: 4.086 loading class sun/net/www/protocol/http/HttpURLConnection$HttpInputStream
Event: 4.087 loading class sun/net/www/protocol/http/HttpURLConnection$HttpInputStream done
Event: 72.005 loading class java/util/concurrent/locks/AbstractQueuedSynchronizer$Node
Event: 72.005 loading class java/util/concurrent/locks/AbstractQueuedSynchronizer$Node done
Event: 99.399 loading class jdk/internal/access/foreign/MemorySegmentProxy
Event: 99.399 loading class jdk/internal/access/foreign/MemorySegmentProxy done


Dynamic libraries:
0x00007ff64c4b0000 - 0x00007ff64c4ba000 	C:\Program Files\Android\Android Studio\jbr\bin\java.exe
0x00007ffa6ccb0000 - 0x00007ffa6cec7000 	C:\WINDOWS\SYSTEM32\ntdll.dll
0x00007ffa6b850000 - 0x00007ffa6b914000 	C:\WINDOWS\System32\KERNEL32.DLL
0x00007ffa6a080000 - 0x00007ffa6a427000 	C:\WINDOWS\System32\KERNELBASE.dll
0x00007ffa6a540000 - 0x00007ffa6a651000 	C:\WINDOWS\System32\ucrtbase.dll
0x00007ffa52030000 - 0x00007ffa52047000 	C:\Program Files\Android\Android Studio\jbr\bin\jli.dll
0x00007ffa6ad50000 - 0x00007ffa6aefe000 	C:\WINDOWS\System32\USER32.dll
0x00007ffa6a050000 - 0x00007ffa6a076000 	C:\WINDOWS\System32\win32u.dll
0x00007ffa6cc20000 - 0x00007ffa6cc49000 	C:\WINDOWS\System32\GDI32.dll
0x00007ffa6a660000 - 0x00007ffa6a779000 	C:\WINDOWS\System32\gdi32full.dll
0x00007ffa6a4a0000 - 0x00007ffa6a53a000 	C:\WINDOWS\System32\msvcp_win.dll
0x00007ffa5c170000 - 0x00007ffa5c18b000 	C:\Program Files\Android\Android Studio\jbr\bin\VCRUNTIME140.dll
0x00007ffa570a0000 - 0x00007ffa57333000 	C:\WINDOWS\WinSxS\amd64_microsoft.windows.common-controls_6595b64144ccf1df_6.0.22621.3527_none_270e469b73872a76\COMCTL32.dll
0x00007ffa6b2d0000 - 0x00007ffa6b377000 	C:\WINDOWS\System32\msvcrt.dll
0x00007ffa6abe0000 - 0x00007ffa6ac11000 	C:\WINDOWS\System32\IMM32.DLL
0x00007ffa57f70000 - 0x00007ffa57f7c000 	C:\Program Files\Android\Android Studio\jbr\bin\vcruntime140_1.dll
0x00007ffa13230000 - 0x00007ffa132bd000 	C:\Program Files\Android\Android Studio\jbr\bin\msvcp140.dll
0x00007ffa075e0000 - 0x00007ffa0824e000 	C:\Program Files\Android\Android Studio\jbr\bin\server\jvm.dll
0x00007ffa6c580000 - 0x00007ffa6c632000 	C:\WINDOWS\System32\ADVAPI32.dll
0x00007ffa6aca0000 - 0x00007ffa6ad48000 	C:\WINDOWS\System32\sechost.dll
0x00007ffa6a780000 - 0x00007ffa6a7a8000 	C:\WINDOWS\System32\bcrypt.dll
0x00007ffa6b080000 - 0x00007ffa6b195000 	C:\WINDOWS\System32\RPCRT4.dll
0x00007ffa51a40000 - 0x00007ffa51a49000 	C:\WINDOWS\SYSTEM32\WSOCK32.dll
0x00007ffa6b250000 - 0x00007ffa6b2c1000 	C:\WINDOWS\System32\WS2_32.dll
0x00007ffa62900000 - 0x00007ffa62934000 	C:\WINDOWS\SYSTEM32\WINMM.dll
0x00007ffa64620000 - 0x00007ffa6462a000 	C:\WINDOWS\SYSTEM32\VERSION.dll
0x00007ffa68ff0000 - 0x00007ffa69008000 	C:\WINDOWS\SYSTEM32\kernel.appcore.dll
0x00007ffa63d70000 - 0x00007ffa63d7a000 	C:\Program Files\Android\Android Studio\jbr\bin\jimage.dll
0x00007ffa59c90000 - 0x00007ffa59ec2000 	C:\WINDOWS\SYSTEM32\DBGHELP.DLL
0x00007ffa6c660000 - 0x00007ffa6c9e8000 	C:\WINDOWS\System32\combase.dll
0x00007ffa6af10000 - 0x00007ffa6afe7000 	C:\WINDOWS\System32\OLEAUT32.dll
0x00007ffa4a100000 - 0x00007ffa4a132000 	C:\WINDOWS\SYSTEM32\dbgcore.DLL
0x00007ffa69fd0000 - 0x00007ffa6a049000 	C:\WINDOWS\System32\bcryptPrimitives.dll
0x00007ffa523e0000 - 0x00007ffa52405000 	C:\Program Files\Android\Android Studio\jbr\bin\java.dll
0x00007ffa55380000 - 0x00007ffa55398000 	C:\Program Files\Android\Android Studio\jbr\bin\zip.dll
0x00007ffa6bd20000 - 0x00007ffa6c57c000 	C:\WINDOWS\System32\SHELL32.dll
0x00007ffa67f10000 - 0x00007ffa68806000 	C:\WINDOWS\SYSTEM32\windows.storage.dll
0x00007ffa67dd0000 - 0x00007ffa67f0e000 	C:\WINDOWS\SYSTEM32\wintypes.dll
0x00007ffa6a9e0000 - 0x00007ffa6aad5000 	C:\WINDOWS\System32\SHCORE.dll
0x00007ffa6c9f0000 - 0x00007ffa6ca4e000 	C:\WINDOWS\System32\shlwapi.dll
0x00007ffa69f00000 - 0x00007ffa69f21000 	C:\WINDOWS\SYSTEM32\profapi.dll
0x00007ffa54cf0000 - 0x00007ffa54d09000 	C:\Program Files\Android\Android Studio\jbr\bin\net.dll
0x00007ffa63d80000 - 0x00007ffa63eb6000 	C:\WINDOWS\SYSTEM32\WINHTTP.dll
0x00007ffa69460000 - 0x00007ffa694c9000 	C:\WINDOWS\system32\mswsock.dll
0x00007ffa54830000 - 0x00007ffa54846000 	C:\Program Files\Android\Android Studio\jbr\bin\nio.dll
0x00007ffa63d60000 - 0x00007ffa63d70000 	C:\Program Files\Android\Android Studio\jbr\bin\verify.dll
0x00007ffa696c0000 - 0x00007ffa696db000 	C:\WINDOWS\SYSTEM32\CRYPTSP.dll
0x00007ffa68f50000 - 0x00007ffa68f85000 	C:\WINDOWS\system32\rsaenh.dll
0x00007ffa69560000 - 0x00007ffa69588000 	C:\WINDOWS\SYSTEM32\USERENV.dll
0x00007ffa696e0000 - 0x00007ffa696ec000 	C:\WINDOWS\SYSTEM32\CRYPTBASE.dll
0x00007ffa68ab0000 - 0x00007ffa68add000 	C:\WINDOWS\SYSTEM32\IPHLPAPI.DLL
0x00007ffa6bcb0000 - 0x00007ffa6bcb9000 	C:\WINDOWS\System32\NSI.dll
0x00007ffa64630000 - 0x00007ffa64649000 	C:\WINDOWS\SYSTEM32\dhcpcsvc6.DLL
0x00007ffa62ef0000 - 0x00007ffa62f0f000 	C:\WINDOWS\SYSTEM32\dhcpcsvc.DLL
0x00007ffa68ae0000 - 0x00007ffa68bd8000 	C:\WINDOWS\SYSTEM32\DNSAPI.dll
0x00007ffa53b60000 - 0x00007ffa53b6a000 	C:\Windows\System32\rasadhlp.dll
0x00007ffa5fe20000 - 0x00007ffa5fea3000 	C:\WINDOWS\System32\fwpuclnt.dll

dbghelp: loaded successfully - version: 4.0.5 - missing functions: none
symbol engine: initialized successfully - sym options: 0x614 - pdb path: .;C:\Program Files\Android\Android Studio\jbr\bin;C:\WINDOWS\SYSTEM32;C:\WINDOWS\WinSxS\amd64_microsoft.windows.common-controls_6595b64144ccf1df_6.0.22621.3527_none_270e469b73872a76;C:\Program Files\Android\Android Studio\jbr\bin\server

VM Arguments:
jvm_args: -Dorg.gradle.appname=gradlew 
java_command: org.gradle.wrapper.GradleWrapperMain -q -Ptarget-platform=android-x64 -Ptarget=D:\xo\lib\main.dart -Pbase-application-name=android.app.Application -Pdart-defines=Zmx1dHRlci5pbnNwZWN0b3Iuc3RydWN0dXJlZEVycm9ycz10cnVl,RkxVVFRFUl9XRUJfQ0FOVkFTS0lUX1VSTD1odHRwczovL3d3dy5nc3RhdGljLmNvbS9mbHV0dGVyLWNhbnZhc2tpdC9mNjM0NGI3NWRjZjg2MWQ4YmYxZjEzMjI3ODBiODgxMWY5ODJlMzFhLw== -Pdart-obfuscation=false -Ptrack-widget-creation=true -Ptree-shake-icons=false -Pfilesystem-scheme=org-dartlang-root assembleDebug
java_class_path (initial): D:\xo\android\\gradle\wrapper\gradle-wrapper.jar
Launcher Type: SUN_STANDARD

[Global flags]
     intx CICompilerCount                          = 3                                         {product} {ergonomic}
     uint ConcGCThreads                            = 1                                         {product} {ergonomic}
     uint G1ConcRefinementThreads                  = 4                                         {product} {ergonomic}
   size_t G1HeapRegionSize                         = 2097152                                   {product} {ergonomic}
    uintx GCDrainStackTargetSize                   = 64                                        {product} {ergonomic}
   size_t InitialHeapSize                          = 264241152                                 {product} {ergonomic}
   size_t MarkStackSize                            = 4194304                                   {product} {ergonomic}
   size_t MaxHeapSize                              = 4213178368                                {product} {ergonomic}
   size_t MaxNewSize                               = 2527068160                                {product} {ergonomic}
   size_t MinHeapDeltaBytes                        = 2097152                                   {product} {ergonomic}
   size_t MinHeapSize                              = 8388608                                   {product} {ergonomic}
    uintx NonNMethodCodeHeapSize                   = 5832780                                {pd product} {ergonomic}
    uintx NonProfiledCodeHeapSize                  = 122912730                              {pd product} {ergonomic}
    uintx ProfiledCodeHeapSize                     = 122912730                              {pd product} {ergonomic}
    uintx ReservedCodeCacheSize                    = 251658240                              {pd product} {ergonomic}
     bool SegmentedCodeCache                       = true                                      {product} {ergonomic}
   size_t SoftMaxHeapSize                          = 4213178368                             {manageable} {ergonomic}
     bool UseCompressedClassPointers               = true                           {product lp64_product} {ergonomic}
     bool UseCompressedOops                        = true                           {product lp64_product} {ergonomic}
     bool UseG1GC                                  = true                                      {product} {ergonomic}
     bool UseLargePagesIndividualAllocation        = false                                  {pd product} {ergonomic}

Logging:
Log output configuration:
 #0: stdout all=warning uptime,level,tags
 #1: stderr all=off uptime,level,tags

Environment Variables:
JAVA_HOME=C:\Program Files\Android\Android Studio\jbr
CLASSPATH=D:\xo\android\\gradle\wrapper\gradle-wrapper.jar
PATH=C:\Program Files\Android\Android Studio\jbr\bin;C:\Program Files\Common Files\Oracle\Java\javapath;C:\Program Files (x86)\Common Files\Oracle\Java\java8path;C:\Program Files (x86)\Common Files\Oracle\Java\javapath;C:\Program Files (x86)\NVIDIA Corporation\PhysX\Common;C:\WINDOWS\system32;C:\WINDOWS;C:\WINDOWS\System32\Wbem;C:\WINDOWS\System32\WindowsPowerShell\v1.0\;C:\WINDOWS\System32\OpenSSH\;C:\Program Files\dotnet\;C:\Program Files\Git\cmd;C:\Program Files\Java\jdk-19\bin;C:\gradle-8.2\bin;C:\Program Files\nodejs\;C:\Users\Youssef\AppData\Local\Microsoft\WindowsApps;D:\programing\flutter\bin;D:\programing\dart\bin;C:\Users\Youssef\AppData\Local\GitHubDesktop\bin;C:\Users\Youssef\AppData\Local\Programs\Microsoft VS Code\bin;C:\Users\Youssef\AppData\Local\Pub\Cache\bin;C:\\Users\\Youssef\\.cache\\firebase\\tools\\lib\\node_modules\\registry-auth-token\\index.js;C:\\Users\\Youssef\\.cache\\firebase\\tools\\lib\\node_modules\\update-notifier-cjs\\vendor\\package-json\\index.js;C:\\Users\\Youssef\\.cache\\firebase\\tools\\lib\\node_modules\\update-notifier-cjs\\vendor\\latest-version\\index.;C:\\Users\\Youssef\\.cache\\firebase\\tools\\lib\\node_modules\\update-notifier-cjs\\vendor\\latest-version\\index.js;C:\\Users\\Youssef\\.cache\\firebase\\tools\\lib\\node_modules\\update-notifier-cjs\\index.js;C:\\Users\\Youssef\\.cache\\firebase\\tools\\lib\\node_modules\\firebase-tools\\lib\\bin\\firebase.js;C:\Users\Youssef\AppData\Roaming\npm;D:\programing\flutter\bin\mingit\cmd
USERNAME=Youssef
OS=Windows_NT
PROCESSOR_IDENTIFIER=Intel64 Family 6 Model 78 Stepping 3, GenuineIntel
TMP=C:\Users\Youssef\AppData\Local\Temp
TEMP=C:\Users\Youssef\AppData\Local\Temp


JNI global refs:
JNI global refs: 19, weak refs: 0

JNI global refs memory usage: 843, weak refs: 209


---------------  S Y S T E M  ---------------

OS:
 Windows 11 , 64 bit Build 22621 (10.0.22621.3527)
OS uptime: 2 days 1:14 hours

CPU: total 4 (initial active 4) (2 cores per cpu, 2 threads per core) family 6 model 78 stepping 3 microcode 0xd6, cx8, cmov, fxsr, ht, mmx, 3dnowpref, sse, sse2, sse3, ssse3, sse4.1, sse4.2, popcnt, lzcnt, tsc, tscinvbit, avx, avx2, aes, erms, clmul, bmi1, bmi2, rtm, adx, fma, vzeroupper, clflush, clflushopt

Memory: 4k page, system-wide physical 16065M (299M free)
TotalPageFile size 18113M (AvailPageFile size 5M)
current process WorkingSet (physical memory assigned to process): 77M, peak: 81M
current process commit charge ("private bytes"): 346M, peak: 351M

vm_info: OpenJDK 64-Bit Server VM (17.0.6+0-b2043.56-10027231) for windows-amd64 JRE (17.0.6+0-b2043.56-10027231), built on Apr 28 2023 00:43:19 by "androidbuild" with MS VC++ 16.10 / 16.11 (VS2019)

END.
